[INFO] 2018-12-04 23:12:06,759 method:
using logger: com.alibaba.dubbo.common.logger.log4j.Log4jLoggerAdapter
[INFO] 2018-12-04 23:12:06,790 method:com.alibaba.boot.dubbo.context.event.WelcomeLogoApplicationListener.onApplicationEvent(WelcomeLogoApplicationListener.java:53)


  ████████▄  ███    █▄  ▀█████████▄  ▀█████████▄   ▄██████▄  
  ███   ▀███ ███    ███   ███    ███   ███    ███ ███    ███ 
  ███    ███ ███    ███   ███    ███   ███    ███ ███    ███ 
  ███    ███ ███    ███  ▄███▄▄▄██▀   ▄███▄▄▄██▀  ███    ███ 
  ███    ███ ███    ███ ▀▀███▀▀▀██▄  ▀▀███▀▀▀██▄  ███    ███ 
  ███    ███ ███    ███   ███    ██▄   ███    ██▄ ███    ███ 
  ███   ▄███ ███    ███   ███    ███   ███    ███ ███    ███ 
  ████████▀  ████████▀  ▄█████████▀  ▄█████████▀   ▀██████▀  
                                                             

 :: Dubbo Spring Boot (v0.1.0) : https://github.com/dubbo/dubbo-spring-boot-project
 :: Dubbo (v2.0.1) : https://github.com/alibaba/dubbo
 :: Google group : http://groups.google.com/group/dubbo

[INFO] 2018-12-04 23:12:06,795 method:com.alibaba.boot.dubbo.context.event.OverrideDubboConfigApplicationListener.onApplicationEvent(OverrideDubboConfigApplicationListener.java:67)
Dubbo Config was overridden by externalized configuration {dubbo.application.name=provider, dubbo.protocol.name=dubbo, dubbo.protocol.port=20880, dubbo.registry.address=zookeeper://localhost:2181, dubbo.scan.base-packages=com.cn.hsx.tyqxcms.service.impl}
[INFO] 2018-12-04 23:12:07,176 method:org.springframework.boot.StartupInfoLogger.logStarting(StartupInfoLogger.java:48)
Starting ServiceApplication on PC-20170718WCUL with PID 2040 (E:\CMS\tyqx-cms\provider\target\classes started by Administrator in E:\CMS)
[INFO] 2018-12-04 23:12:07,176 method:org.springframework.boot.SpringApplication.logStartupProfileInfo(SpringApplication.java:593)
No active profile set, falling back to default profiles: default
[INFO] 2018-12-04 23:12:07,237 method:org.springframework.context.support.AbstractApplicationContext.prepareRefresh(AbstractApplicationContext.java:583)
Refreshing org.springframework.context.annotation.AnnotationConfigApplicationContext@16267862: startup date [Tue Dec 04 23:12:07 CST 2018]; root of context hierarchy
[INFO] 2018-12-04 23:12:07,889 method:com.alibaba.dubbo.config.spring.context.annotation.DubboConfigBindingRegistrar.registerDubboConfigBean(DubboConfigBindingRegistrar.java:122)
The dubbo config bean definition [name : com.alibaba.dubbo.config.ApplicationConfig#0, class : com.alibaba.dubbo.config.ApplicationConfig] has been registered.
[INFO] 2018-12-04 23:12:07,890 method:com.alibaba.dubbo.config.spring.context.annotation.DubboConfigBindingRegistrar.registerDubboConfigBindingBeanPostProcessor(DubboConfigBindingRegistrar.java:144)
The BeanPostProcessor bean definition [com.alibaba.dubbo.config.spring.beans.factory.annotation.DubboConfigBindingBeanPostProcessor] for dubbo config bean [name : com.alibaba.dubbo.config.ApplicationConfig#0] has been registered.
[INFO] 2018-12-04 23:12:07,891 method:com.alibaba.dubbo.config.spring.context.annotation.DubboConfigBindingRegistrar.registerDubboConfigBean(DubboConfigBindingRegistrar.java:122)
The dubbo config bean definition [name : com.alibaba.dubbo.config.RegistryConfig#0, class : com.alibaba.dubbo.config.RegistryConfig] has been registered.
[INFO] 2018-12-04 23:12:07,891 method:com.alibaba.dubbo.config.spring.context.annotation.DubboConfigBindingRegistrar.registerDubboConfigBindingBeanPostProcessor(DubboConfigBindingRegistrar.java:144)
The BeanPostProcessor bean definition [com.alibaba.dubbo.config.spring.beans.factory.annotation.DubboConfigBindingBeanPostProcessor] for dubbo config bean [name : com.alibaba.dubbo.config.RegistryConfig#0] has been registered.
[INFO] 2018-12-04 23:12:07,891 method:com.alibaba.dubbo.config.spring.context.annotation.DubboConfigBindingRegistrar.registerDubboConfigBean(DubboConfigBindingRegistrar.java:122)
The dubbo config bean definition [name : com.alibaba.dubbo.config.ProtocolConfig#0, class : com.alibaba.dubbo.config.ProtocolConfig] has been registered.
[INFO] 2018-12-04 23:12:07,891 method:com.alibaba.dubbo.config.spring.context.annotation.DubboConfigBindingRegistrar.registerDubboConfigBindingBeanPostProcessor(DubboConfigBindingRegistrar.java:144)
The BeanPostProcessor bean definition [com.alibaba.dubbo.config.spring.beans.factory.annotation.DubboConfigBindingBeanPostProcessor] for dubbo config bean [name : com.alibaba.dubbo.config.ProtocolConfig#0] has been registered.
[INFO] 2018-12-04 23:12:07,945 method:org.springframework.data.repository.config.RepositoryConfigurationDelegate.multipleStoresDetected(RepositoryConfigurationDelegate.java:165)
Multiple Spring Data modules found, entering strict repository configuration mode!
[INFO] 2018-12-04 23:12:08,115 method:com.alibaba.dubbo.config.spring.beans.factory.annotation.ServiceAnnotationBeanPostProcessor.resolveBeanNameGenerator(ServiceAnnotationBeanPostProcessor.java:187)
 [DUBBO] BeanNameGenerator bean can't be found in BeanFactory with name [org.springframework.context.annotation.internalConfigurationBeanNameGenerator], dubbo version: 2.0.1, current host: 169.254.179.223
[INFO] 2018-12-04 23:12:08,115 method:com.alibaba.dubbo.config.spring.beans.factory.annotation.ServiceAnnotationBeanPostProcessor.resolveBeanNameGenerator(ServiceAnnotationBeanPostProcessor.java:189)
 [DUBBO] BeanNameGenerator will be a instance of org.springframework.context.annotation.AnnotationBeanNameGenerator , it maybe a potential problem on bean name generation., dubbo version: 2.0.1, current host: 169.254.179.223
[WARN] 2018-12-04 23:12:08,146 method:com.alibaba.dubbo.config.spring.beans.factory.annotation.ServiceAnnotationBeanPostProcessor.registerServiceBean(ServiceAnnotationBeanPostProcessor.java:262)
 [DUBBO] The BeanDefinition[Root bean: class [com.alibaba.dubbo.config.spring.ServiceBean]; scope=; abstract=false; lazyInit=false; autowireMode=0; dependencyCheck=0; autowireCandidate=true; primary=false; factoryBeanName=null; factoryMethodName=null; initMethodName=null; destroyMethodName=null] of ServiceBean has been registered with name : ServiceBean@com.cn.hsx.tyqxcms.service.ILoginLogService#loginLogServiceImpl, dubbo version: 2.0.1, current host: 169.254.179.223
[WARN] 2018-12-04 23:12:08,148 method:com.alibaba.dubbo.config.spring.beans.factory.annotation.ServiceAnnotationBeanPostProcessor.registerServiceBean(ServiceAnnotationBeanPostProcessor.java:262)
 [DUBBO] The BeanDefinition[Root bean: class [com.alibaba.dubbo.config.spring.ServiceBean]; scope=; abstract=false; lazyInit=false; autowireMode=0; dependencyCheck=0; autowireCandidate=true; primary=false; factoryBeanName=null; factoryMethodName=null; initMethodName=null; destroyMethodName=null] of ServiceBean has been registered with name : ServiceBean@com.cn.hsx.tyqxcms.service.IPermissionService#permissionServiceImpl, dubbo version: 2.0.1, current host: 169.254.179.223
[WARN] 2018-12-04 23:12:08,149 method:com.alibaba.dubbo.config.spring.beans.factory.annotation.ServiceAnnotationBeanPostProcessor.registerServiceBean(ServiceAnnotationBeanPostProcessor.java:262)
 [DUBBO] The BeanDefinition[Root bean: class [com.alibaba.dubbo.config.spring.ServiceBean]; scope=; abstract=false; lazyInit=false; autowireMode=0; dependencyCheck=0; autowireCandidate=true; primary=false; factoryBeanName=null; factoryMethodName=null; initMethodName=null; destroyMethodName=null] of ServiceBean has been registered with name : ServiceBean@com.cn.hsx.tyqxcms.service.IRoleService#roleServiceImpl, dubbo version: 2.0.1, current host: 169.254.179.223
[WARN] 2018-12-04 23:12:08,150 method:com.alibaba.dubbo.config.spring.beans.factory.annotation.ServiceAnnotationBeanPostProcessor.registerServiceBean(ServiceAnnotationBeanPostProcessor.java:262)
 [DUBBO] The BeanDefinition[Root bean: class [com.alibaba.dubbo.config.spring.ServiceBean]; scope=; abstract=false; lazyInit=false; autowireMode=0; dependencyCheck=0; autowireCandidate=true; primary=false; factoryBeanName=null; factoryMethodName=null; initMethodName=null; destroyMethodName=null] of ServiceBean has been registered with name : ServiceBean@com.cn.hsx.tyqxcms.service.IUserService#userServiceImpl, dubbo version: 2.0.1, current host: 169.254.179.223
[INFO] 2018-12-04 23:12:08,151 method:com.alibaba.dubbo.config.spring.beans.factory.annotation.ServiceAnnotationBeanPostProcessor.registerServiceBeans(ServiceAnnotationBeanPostProcessor.java:144)
 [DUBBO] 4 annotated Dubbo's @Service Components { [Bean definition with name 'loginLogServiceImpl': Generic bean: class [com.cn.hsx.tyqxcms.service.impl.LoginLogServiceImpl]; scope=; abstract=false; lazyInit=false; autowireMode=0; dependencyCheck=0; autowireCandidate=true; primary=false; factoryBeanName=null; factoryMethodName=null; initMethodName=null; destroyMethodName=null; defined in file [E:\CMS\tyqx-cms\provider\target\classes\com\cn\hsx\tyqxcms\service\impl\LoginLogServiceImpl.class], Bean definition with name 'permissionServiceImpl': Generic bean: class [com.cn.hsx.tyqxcms.service.impl.PermissionServiceImpl]; scope=; abstract=false; lazyInit=false; autowireMode=0; dependencyCheck=0; autowireCandidate=true; primary=false; factoryBeanName=null; factoryMethodName=null; initMethodName=null; destroyMethodName=null; defined in file [E:\CMS\tyqx-cms\provider\target\classes\com\cn\hsx\tyqxcms\service\impl\PermissionServiceImpl.class], Bean definition with name 'roleServiceImpl': Generic bean: class [com.cn.hsx.tyqxcms.service.impl.RoleServiceImpl]; scope=; abstract=false; lazyInit=false; autowireMode=0; dependencyCheck=0; autowireCandidate=true; primary=false; factoryBeanName=null; factoryMethodName=null; initMethodName=null; destroyMethodName=null; defined in file [E:\CMS\tyqx-cms\provider\target\classes\com\cn\hsx\tyqxcms\service\impl\RoleServiceImpl.class], Bean definition with name 'userServiceImpl': Generic bean: class [com.cn.hsx.tyqxcms.service.impl.UserServiceImpl]; scope=; abstract=false; lazyInit=false; autowireMode=0; dependencyCheck=0; autowireCandidate=true; primary=false; factoryBeanName=null; factoryMethodName=null; initMethodName=null; destroyMethodName=null; defined in file [E:\CMS\tyqx-cms\provider\target\classes\com\cn\hsx\tyqxcms\service\impl\UserServiceImpl.class]] } were scanned under package[com.cn.hsx.tyqxcms.service.impl], dubbo version: 2.0.1, current host: 169.254.179.223
[WARN] 2018-12-04 23:12:08,151 method:org.springframework.context.annotation.ConfigurationClassPostProcessor.enhanceConfigurationClasses(ConfigurationClassPostProcessor.java:373)
Cannot enhance @Configuration bean definition 'com.alibaba.boot.dubbo.autoconfigure.DubboAutoConfiguration' since its singleton instance has been created too early. The typical cause is a non-static @Bean method with a BeanDefinitionRegistryPostProcessor return type: Consider declaring such methods as 'static'.
[INFO] 2018-12-04 23:12:08,458 method:org.springframework.context.support.PostProcessorRegistrationDelegate$BeanPostProcessorChecker.postProcessAfterInitialization(PostProcessorRegistrationDelegate.java:327)
Bean 'org.springframework.transaction.annotation.ProxyTransactionManagementConfiguration' of type [org.springframework.transaction.annotation.ProxyTransactionManagementConfiguration$$EnhancerBySpringCGLIB$$e7034c79] is not eligible for getting processed by all BeanPostProcessors (for example: not eligible for auto-proxying)
[INFO] 2018-12-04 23:12:08,576 method:org.springframework.context.support.PostProcessorRegistrationDelegate$BeanPostProcessorChecker.postProcessAfterInitialization(PostProcessorRegistrationDelegate.java:327)
Bean 'redisConfig' of type [com.cn.hsx.tyqxcms.config.RedisConfig$$EnhancerBySpringCGLIB$$269c4f77] is not eligible for getting processed by all BeanPostProcessors (for example: not eligible for auto-proxying)
[INFO] 2018-12-04 23:12:08,585 method:org.springframework.context.support.PostProcessorRegistrationDelegate$BeanPostProcessorChecker.postProcessAfterInitialization(PostProcessorRegistrationDelegate.java:327)
Bean 'keyGenerator' of type [com.cn.hsx.tyqxcms.config.RedisConfig$1] is not eligible for getting processed by all BeanPostProcessors (for example: not eligible for auto-proxying)
[INFO] 2018-12-04 23:12:08,586 method:org.springframework.context.support.PostProcessorRegistrationDelegate$BeanPostProcessorChecker.postProcessAfterInitialization(PostProcessorRegistrationDelegate.java:327)
Bean 'org.springframework.cache.annotation.ProxyCachingConfiguration' of type [org.springframework.cache.annotation.ProxyCachingConfiguration$$EnhancerBySpringCGLIB$$30158297] is not eligible for getting processed by all BeanPostProcessors (for example: not eligible for auto-proxying)
[INFO] 2018-12-04 23:12:09,119 method:com.alibaba.druid.pool.DruidDataSource.init(DruidDataSource.java:667)
{dataSource-1} inited
[INFO] 2018-12-04 23:12:10,507 method:com.alibaba.dubbo.config.spring.beans.factory.annotation.DubboConfigBindingBeanPostProcessor.postProcessBeforeInitialization(DubboConfigBindingBeanPostProcessor.java:73)
The properties of bean [name : com.alibaba.dubbo.config.ApplicationConfig#0] have been binding by values : [bean property 'name']
[INFO] 2018-12-04 23:12:10,512 method:com.alibaba.dubbo.config.spring.beans.factory.annotation.DubboConfigBindingBeanPostProcessor.postProcessBeforeInitialization(DubboConfigBindingBeanPostProcessor.java:73)
The properties of bean [name : com.alibaba.dubbo.config.RegistryConfig#0] have been binding by values : [bean property 'address']
[INFO] 2018-12-04 23:12:10,518 method:com.alibaba.dubbo.config.spring.beans.factory.annotation.DubboConfigBindingBeanPostProcessor.postProcessBeforeInitialization(DubboConfigBindingBeanPostProcessor.java:73)
The properties of bean [name : com.alibaba.dubbo.config.ProtocolConfig#0] have been binding by values : [bean property 'name', bean property 'port']
[INFO] 2018-12-04 23:12:11,337 method:org.springframework.jmx.export.MBeanExporter.afterSingletonsInstantiated(MBeanExporter.java:431)
Registering beans for JMX exposure on startup
[INFO] 2018-12-04 23:12:11,339 method:org.springframework.jmx.export.MBeanExporter.autodetect(MBeanExporter.java:916)
Bean with name 'dataSource' has been autodetected for JMX exposure
[INFO] 2018-12-04 23:12:11,341 method:org.springframework.jmx.export.MBeanExporter.registerBeanInstance(MBeanExporter.java:671)
Located MBean 'dataSource': registering with JMX server as MBean [com.alibaba.druid.pool:name=dataSource,type=DruidDataSource]
[INFO] 2018-12-04 23:12:11,364 method:com.alibaba.dubbo.config.spring.ServiceBean.onApplicationEvent(ServiceBean.java:118)
 [DUBBO] The service ready on spring started. service: com.cn.hsx.tyqxcms.service.ILoginLogService, dubbo version: 2.0.1, current host: 169.254.179.223
[INFO] 2018-12-04 23:12:11,443 method:com.alibaba.dubbo.config.ServiceConfig.exportLocal(ServiceConfig.java:529)
 [DUBBO] Export dubbo service com.cn.hsx.tyqxcms.service.ILoginLogService to local registry, dubbo version: 2.0.1, current host: 169.254.179.223
[INFO] 2018-12-04 23:12:11,444 method:com.alibaba.dubbo.config.ServiceConfig.doExportUrlsFor1Protocol(ServiceConfig.java:489)
 [DUBBO] Export dubbo service com.cn.hsx.tyqxcms.service.ILoginLogService to url dubbo://169.254.179.223:20880/com.cn.hsx.tyqxcms.service.ILoginLogService?anyhost=true&application=provider&bind.ip=169.254.179.223&bind.port=20880&dubbo=2.0.1&generic=false&interface=com.cn.hsx.tyqxcms.service.ILoginLogService&methods=updateAllColumnBatchById,update,insert,delete,deleteBatchIds,insertOrUpdate,insertOrUpdateAllColumnBatch,deleteByMap,insertOrUpdateBatch,updateBatchById,selectMapsPage,insertAllColumn,selectPage,selectObj,insertOrUpdateAllColumn,selectByMap,selectById,updateById,selectObjs,selectList,selectOne,selectBatchIds,selectMap,deleteById,selectCount,insertBatch,updateAllColumnById,selectMaps&pid=2040&revision=1.0.0&side=provider&timeout=60000&timestamp=1543936331372&version=1.0.0, dubbo version: 2.0.1, current host: 169.254.179.223
[INFO] 2018-12-04 23:12:11,444 method:com.alibaba.dubbo.config.ServiceConfig.doExportUrlsFor1Protocol(ServiceConfig.java:499)
 [DUBBO] Register dubbo service com.cn.hsx.tyqxcms.service.ILoginLogService url dubbo://169.254.179.223:20880/com.cn.hsx.tyqxcms.service.ILoginLogService?anyhost=true&application=provider&bind.ip=169.254.179.223&bind.port=20880&dubbo=2.0.1&generic=false&interface=com.cn.hsx.tyqxcms.service.ILoginLogService&methods=updateAllColumnBatchById,update,insert,delete,deleteBatchIds,insertOrUpdate,insertOrUpdateAllColumnBatch,deleteByMap,insertOrUpdateBatch,updateBatchById,selectMapsPage,insertAllColumn,selectPage,selectObj,insertOrUpdateAllColumn,selectByMap,selectById,updateById,selectObjs,selectList,selectOne,selectBatchIds,selectMap,deleteById,selectCount,insertBatch,updateAllColumnById,selectMaps&pid=2040&revision=1.0.0&side=provider&timeout=60000&timestamp=1543936331372&version=1.0.0 to registry registry://localhost:2181/com.alibaba.dubbo.registry.RegistryService?application=provider&dubbo=2.0.1&pid=2040&registry=zookeeper&timestamp=1543936331367, dubbo version: 2.0.1, current host: 169.254.179.223
[INFO] 2018-12-04 23:12:11,556 method:com.alibaba.dubbo.remoting.transport.AbstractServer.<init>(AbstractServer.java:65)
 [DUBBO] Start NettyServer bind /0.0.0.0:20880, export /169.254.179.223:20880, dubbo version: 2.0.1, current host: 169.254.179.223
[INFO] 2018-12-04 23:12:11,593 method:com.alibaba.dubbo.registry.support.AbstractRegistry.loadProperties(AbstractRegistry.java:199)
 [DUBBO] Load registry store file C:\Users\Administrator\.dubbo\dubbo-registry-provider-localhost:2181.cache, data: {com.cn.hsx.tyqxcms.service.IRoleService:1.0.0=empty://169.254.179.223:20880/com.cn.hsx.tyqxcms.service.IRoleService?anyhost=true&application=provider&category=configurators&check=false&dubbo=2.0.1&generic=false&interface=com.cn.hsx.tyqxcms.service.IRoleService&methods=updateAllColumnBatchById,update,insert,delete,insertOrUpdateAllColumnBatch,insertOrUpdate,deleteBatchIds,deleteByMap,insertOrUpdateBatch,updateBatchById,selectMapsPage,insertAllColumn,selectPage,selectObj,insertOrUpdateAllColumn,saveRole,selectByMap,selectById,updateById,selectObjs,selectList,selectOne,selectBatchIds,selectMap,deleteById,insertBatch,selectCount,updateAllColumnById,selectMaps&pid=12740&revision=1.0.0&side=provider&timeout=60000&timestamp=1542815825586&version=1.0.0, com.cn.hsx.tyqxcms.service.ILoginLogService:1.0.0=empty://169.254.179.223:20880/com.cn.hsx.tyqxcms.service.ILoginLogService?anyhost=true&application=provider&category=configurators&check=false&dubbo=2.0.1&generic=false&interface=com.cn.hsx.tyqxcms.service.ILoginLogService&methods=updateAllColumnBatchById,update,insert,delete,insertOrUpdateAllColumnBatch,insertOrUpdate,deleteBatchIds,deleteByMap,insertOrUpdateBatch,updateBatchById,selectMapsPage,insertAllColumn,selectPage,selectObj,insertOrUpdateAllColumn,selectByMap,selectById,updateById,selectObjs,selectList,selectOne,selectBatchIds,selectMap,deleteById,insertBatch,selectCount,updateAllColumnById,selectMaps&pid=12740&revision=1.0.0&side=provider&timeout=60000&timestamp=1542815815923&version=1.0.0, com.cn.hsx.tyqxcms.service.IPermissionService:1.0.0=empty://169.254.179.223:20880/com.cn.hsx.tyqxcms.service.IPermissionService?anyhost=true&application=provider&category=configurators&check=false&dubbo=2.0.1&generic=false&interface=com.cn.hsx.tyqxcms.service.IPermissionService&methods=getAllDirectoryPermissions,updateAllColumnBatchById,delBatchPermission,update,insert,delete,insertOrUpdateAllColumnBatch,insertOrUpdate,deleteBatchIds,getAllPermissions,deleteByMap,insertOrUpdateBatch,updateBatchById,selectMapsPage,insertAllColumn,allPermissionInfo,selectPage,selectObj,insertOrUpdateAllColumn,getMenuPermissions,selectByMap,selectById,updateById,selectObjs,selectList,selectOne,selectBatchIds,savePermission,selectMap,deleteById,insertBatch,selectCount,updateAllColumnById,selectMaps&pid=12740&revision=1.0.0&side=provider&timeout=60000&timestamp=1542815825472&version=1.0.0, com.cn.hsx.tyqxcms.service.IUserService:1.0.0=empty://169.254.179.223:20880/com.cn.hsx.tyqxcms.service.IUserService?anyhost=true&application=provider&category=configurators&check=false&dubbo=2.0.1&generic=false&interface=com.cn.hsx.tyqxcms.service.IUserService&methods=updateAllColumnBatchById,update,insert,delete,insertOrUpdateAllColumnBatch,insertOrUpdate,deleteBatchIds,deleteByMap,insertOrUpdateBatch,updateBatchById,selectMapsPage,insertAllColumn,findUserInfo,selectPage,selectObj,insertOrUpdateAllColumn,selectByMap,selectById,updateById,selectObjs,selectList,selectOne,selectBatchIds,selectMap,deleteById,insertBatch,selectCount,updateAllColumnById,selectMaps&pid=12740&revision=1.0.0&side=provider&timeout=60000&timestamp=1542815825709&version=1.0.0}, dubbo version: 2.0.1, current host: 169.254.179.223
[INFO] 2018-12-04 23:12:11,609 method:com.alibaba.dubbo.common.concurrent.ExecutionList.add(ExecutionList.java:88)
 [DUBBO] Executor for listenablefuture is null, will use default executor!, dubbo version: 2.0.1, current host: 169.254.179.223
[INFO] 2018-12-04 23:12:11,615 method:org.I0Itec.zkclient.ZkEventThread.run(ZkEventThread.java:65)
Starting ZkClient event thread.
[INFO] 2018-12-04 23:12:20,645 method:org.apache.zookeeper.Environment.logEnv(Environment.java:100)
Client environment:zookeeper.version=3.4.9-1757313, built on 08/23/2016 06:50 GMT
[INFO] 2018-12-04 23:12:20,646 method:org.apache.zookeeper.Environment.logEnv(Environment.java:100)
Client environment:host.name=PC-20170718WCUL
[INFO] 2018-12-04 23:12:20,646 method:org.apache.zookeeper.Environment.logEnv(Environment.java:100)
Client environment:java.version=1.8.0_141
[INFO] 2018-12-04 23:12:20,646 method:org.apache.zookeeper.Environment.logEnv(Environment.java:100)
Client environment:java.vendor=Oracle Corporation
[INFO] 2018-12-04 23:12:20,646 method:org.apache.zookeeper.Environment.logEnv(Environment.java:100)
Client environment:java.home=E:\Java\jdk1.8.0_141\jre
[INFO] 2018-12-04 23:12:20,646 method:org.apache.zookeeper.Environment.logEnv(Environment.java:100)
Client environment:java.class.path=E:\Java\jdk1.8.0_141\jre\lib\charsets.jar;E:\Java\jdk1.8.0_141\jre\lib\deploy.jar;E:\Java\jdk1.8.0_141\jre\lib\ext\access-bridge-64.jar;E:\Java\jdk1.8.0_141\jre\lib\ext\cldrdata.jar;E:\Java\jdk1.8.0_141\jre\lib\ext\dnsns.jar;E:\Java\jdk1.8.0_141\jre\lib\ext\jaccess.jar;E:\Java\jdk1.8.0_141\jre\lib\ext\jfxrt.jar;E:\Java\jdk1.8.0_141\jre\lib\ext\localedata.jar;E:\Java\jdk1.8.0_141\jre\lib\ext\nashorn.jar;E:\Java\jdk1.8.0_141\jre\lib\ext\sunec.jar;E:\Java\jdk1.8.0_141\jre\lib\ext\sunjce_provider.jar;E:\Java\jdk1.8.0_141\jre\lib\ext\sunmscapi.jar;E:\Java\jdk1.8.0_141\jre\lib\ext\sunpkcs11.jar;E:\Java\jdk1.8.0_141\jre\lib\ext\zipfs.jar;E:\Java\jdk1.8.0_141\jre\lib\javaws.jar;E:\Java\jdk1.8.0_141\jre\lib\jce.jar;E:\Java\jdk1.8.0_141\jre\lib\jfr.jar;E:\Java\jdk1.8.0_141\jre\lib\jfxswt.jar;E:\Java\jdk1.8.0_141\jre\lib\jsse.jar;E:\Java\jdk1.8.0_141\jre\lib\management-agent.jar;E:\Java\jdk1.8.0_141\jre\lib\plugin.jar;E:\Java\jdk1.8.0_141\jre\lib\resources.jar;E:\Java\jdk1.8.0_141\jre\lib\rt.jar;E:\CMS\tyqx-cms\provider\target\classes;E:\CMS\tyqx-cms\api\target\classes;C:\Users\Administrator\.m2\repository\com\fasterxml\jackson\core\jackson-databind\2.8.10\jackson-databind-2.8.10.jar;C:\Users\Administrator\.m2\repository\com\fasterxml\jackson\core\jackson-annotations\2.8.0\jackson-annotations-2.8.0.jar;C:\Users\Administrator\.m2\repository\com\fasterxml\jackson\core\jackson-core\2.8.10\jackson-core-2.8.10.jar;C:\Users\Administrator\.m2\repository\org\springframework\boot\spring-boot-starter\1.5.9.RELEASE\spring-boot-starter-1.5.9.RELEASE.jar;C:\Users\Administrator\.m2\repository\org\springframework\boot\spring-boot\1.5.9.RELEASE\spring-boot-1.5.9.RELEASE.jar;C:\Users\Administrator\.m2\repository\org\springframework\spring-context\4.3.13.RELEASE\spring-context-4.3.13.RELEASE.jar;C:\Users\Administrator\.m2\repository\org\springframework\spring-expression\4.3.13.RELEASE\spring-expression-4.3.13.RELEASE.jar;C:\Users\Administrator\.m2\repository\org\springframework\boot\spring-boot-autoconfigure\1.5.9.RELEASE\spring-boot-autoconfigure-1.5.9.RELEASE.jar;C:\Users\Administrator\.m2\repository\org\springframework\spring-core\4.3.13.RELEASE\spring-core-4.3.13.RELEASE.jar;C:\Users\Administrator\.m2\repository\org\yaml\snakeyaml\1.17\snakeyaml-1.17.jar;C:\Users\Administrator\.m2\repository\org\springframework\boot\spring-boot-starter-log4j\1.3.8.RELEASE\spring-boot-starter-log4j-1.3.8.RELEASE.jar;C:\Users\Administrator\.m2\repository\org\slf4j\jcl-over-slf4j\1.7.25\jcl-over-slf4j-1.7.25.jar;C:\Users\Administrator\.m2\repository\org\slf4j\jul-to-slf4j\1.7.25\jul-to-slf4j-1.7.25.jar;C:\Users\Administrator\.m2\repository\org\slf4j\slf4j-log4j12\1.7.25\slf4j-log4j12-1.7.25.jar;C:\Users\Administrator\.m2\repository\log4j\log4j\1.2.17\log4j-1.2.17.jar;C:\Users\Administrator\.m2\repository\org\springframework\boot\spring-boot-starter-aop\1.5.9.RELEASE\spring-boot-starter-aop-1.5.9.RELEASE.jar;C:\Users\Administrator\.m2\repository\org\springframework\spring-aop\4.3.13.RELEASE\spring-aop-4.3.13.RELEASE.jar;C:\Users\Administrator\.m2\repository\org\springframework\spring-beans\4.3.13.RELEASE\spring-beans-4.3.13.RELEASE.jar;C:\Users\Administrator\.m2\repository\org\aspectj\aspectjweaver\1.8.13\aspectjweaver-1.8.13.jar;C:\Users\Administrator\.m2\repository\com\alibaba\boot\dubbo-spring-boot-starter\0.1.0\dubbo-spring-boot-starter-0.1.0.jar;C:\Users\Administrator\.m2\repository\com\alibaba\dubbo\2.5.10\dubbo-2.5.10.jar;C:\Users\Administrator\.m2\repository\org\springframework\spring-web\4.3.13.RELEASE\spring-web-4.3.13.RELEASE.jar;C:\Users\Administrator\.m2\repository\org\javassist\javassist\3.21.0-GA\javassist-3.21.0-GA.jar;C:\Users\Administrator\.m2\repository\org\jboss\netty\netty\3.2.5.Final\netty-3.2.5.Final.jar;C:\Users\Administrator\.m2\repository\org\apache\zookeeper\zookeeper\3.4.9\zookeeper-3.4.9.jar;C:\Users\Administrator\.m2\repository\jline\jline\0.9.94\jline-0.9.94.jar;C:\Users\Administrator\.m2\repository\io\netty\netty\3.10.5.Final\netty-3.10.5.Final.jar;C:\Users\Administrator\.m2\repository\org\apache\curator\curator-framework\2.12.0\curator-framework-2.12.0.jar;C:\Users\Administrator\.m2\repository\org\apache\curator\curator-client\2.12.0\curator-client-2.12.0.jar;C:\Users\Administrator\.m2\repository\com\google\guava\guava\16.0.1\guava-16.0.1.jar;C:\Users\Administrator\.m2\repository\com\alibaba\boot\dubbo-spring-boot-autoconfigure\0.1.0\dubbo-spring-boot-autoconfigure-0.1.0.jar;C:\Users\Administrator\.m2\repository\com\alibaba\boot\dubbo-spring-boot-actuator\0.1.0\dubbo-spring-boot-actuator-0.1.0.jar;C:\Users\Administrator\.m2\repository\com\baomidou\mybatisplus-spring-boot-starter\1.0.5\mybatisplus-spring-boot-starter-1.0.5.jar;C:\Users\Administrator\.m2\repository\org\springframework\boot\spring-boot-configuration-processor\1.5.9.RELEASE\spring-boot-configuration-processor-1.5.9.RELEASE.jar;C:\Users\Administrator\.m2\repository\com\vaadin\external\google\android-json\0.0.20131108.vaadin1\android-json-0.0.20131108.vaadin1.jar;C:\Users\Administrator\.m2\repository\org\springframework\boot\spring-boot-starter-jdbc\1.5.9.RELEASE\spring-boot-starter-jdbc-1.5.9.RELEASE.jar;C:\Users\Administrator\.m2\repository\org\apache\tomcat\tomcat-jdbc\8.5.23\tomcat-jdbc-8.5.23.jar;C:\Users\Administrator\.m2\repository\org\apache\tomcat\tomcat-juli\8.5.23\tomcat-juli-8.5.23.jar;C:\Users\Administrator\.m2\repository\org\springframework\spring-jdbc\4.3.13.RELEASE\spring-jdbc-4.3.13.RELEASE.jar;C:\Users\Administrator\.m2\repository\com\alibaba\druid\1.0.11\druid-1.0.11.jar;C:\Users\Administrator\.m2\repository\mysql\mysql-connector-java\5.1.44\mysql-connector-java-5.1.44.jar;C:\Users\Administrator\.m2\repository\com\101tec\zkclient\0.10\zkclient-0.10.jar;C:\Users\Administrator\.m2\repository\org\slf4j\slf4j-api\1.7.25\slf4j-api-1.7.25.jar;C:\Users\Administrator\.m2\repository\org\springframework\boot\spring-boot-starter-data-redis\1.5.9.RELEASE\spring-boot-starter-data-redis-1.5.9.RELEASE.jar;C:\Users\Administrator\.m2\repository\org\springframework\data\spring-data-redis\1.8.9.RELEASE\spring-data-redis-1.8.9.RELEASE.jar;C:\Users\Administrator\.m2\repository\org\springframework\data\spring-data-keyvalue\1.2.9.RELEASE\spring-data-keyvalue-1.2.9.RELEASE.jar;C:\Users\Administrator\.m2\repository\org\springframework\data\spring-data-commons\1.13.9.RELEASE\spring-data-commons-1.13.9.RELEASE.jar;C:\Users\Administrator\.m2\repository\org\springframework\spring-tx\4.3.13.RELEASE\spring-tx-4.3.13.RELEASE.jar;C:\Users\Administrator\.m2\repository\org\springframework\spring-oxm\4.3.13.RELEASE\spring-oxm-4.3.13.RELEASE.jar;C:\Users\Administrator\.m2\repository\org\springframework\spring-context-support\4.3.13.RELEASE\spring-context-support-4.3.13.RELEASE.jar;C:\Users\Administrator\.m2\repository\redis\clients\jedis\2.9.0\jedis-2.9.0.jar;C:\Users\Administrator\.m2\repository\org\apache\commons\commons-pool2\2.4.3\commons-pool2-2.4.3.jar;C:\Users\Administrator\.m2\repository\com\baomidou\mybatis-plus\2.1.6\mybatis-plus-2.1.6.jar;C:\Users\Administrator\.m2\repository\com\baomidou\mybatis-plus-support\2.1.6\mybatis-plus-support-2.1.6.jar;C:\Users\Administrator\.m2\repository\com\baomidou\mybatis-plus-core\2.1.6\mybatis-plus-core-2.1.6.jar;C:\Users\Administrator\.m2\repository\com\github\jsqlparser\jsqlparser\1.1\jsqlparser-1.1.jar;C:\Users\Administrator\.m2\repository\org\mybatis\mybatis-spring\1.3.1\mybatis-spring-1.3.1.jar;C:\Users\Administrator\.m2\repository\org\mybatis\mybatis\3.4.5\mybatis-3.4.5.jar;C:\Users\Administrator\.m2\repository\com\baomidou\mybatis-plus-generate\2.1.6\mybatis-plus-generate-2.1.6.jar;C:\Users\Administrator\.m2\repository\com\alibaba\fastjson\1.2.28\fastjson-1.2.28.jar;D:\ideaIU-2018.2.win\lib\idea_rt.jar
[INFO] 2018-12-04 23:12:20,650 method:org.apache.zookeeper.Environment.logEnv(Environment.java:100)
Client environment:java.library.path=E:\Java\jdk1.8.0_141\bin;C:\WINDOWS\Sun\Java\bin;C:\WINDOWS\system32;C:\WINDOWS;E:\oracle\product\11.2.0\dbhome_1\bin;C:\WINDOWS\system32;C:\WINDOWS;C:\WINDOWS\System32\Wbem;C:\WINDOWS\System32\WindowsPowerShell\v1.0\;E:\Java\jdk1.8.0_141\bin;C:\Program Files\MySQL\MySQL Utilities 1.6\bin;%ORACLE_HOME\BIN%;E:\Program Files\VisualSVN Server\bin;C:\Program Files\TortoiseSVN\bin;C:\WINDOWS\System32\OpenSSH\;D:\Program Files\Git\cmd;C:\Users\Administrator\AppData\Local\Microsoft\WindowsApps;;.
[INFO] 2018-12-04 23:12:20,650 method:org.apache.zookeeper.Environment.logEnv(Environment.java:100)
Client environment:java.io.tmpdir=C:\Users\ADMINI~1\AppData\Local\Temp\
[INFO] 2018-12-04 23:12:20,650 method:org.apache.zookeeper.Environment.logEnv(Environment.java:100)
Client environment:java.compiler=<NA>
[INFO] 2018-12-04 23:12:20,650 method:org.apache.zookeeper.Environment.logEnv(Environment.java:100)
Client environment:os.name=Windows 10
[INFO] 2018-12-04 23:12:20,651 method:org.apache.zookeeper.Environment.logEnv(Environment.java:100)
Client environment:os.arch=amd64
[INFO] 2018-12-04 23:12:20,651 method:org.apache.zookeeper.Environment.logEnv(Environment.java:100)
Client environment:os.version=10.0
[INFO] 2018-12-04 23:12:20,651 method:org.apache.zookeeper.Environment.logEnv(Environment.java:100)
Client environment:user.name=Administrator
[INFO] 2018-12-04 23:12:20,651 method:org.apache.zookeeper.Environment.logEnv(Environment.java:100)
Client environment:user.home=C:\Users\Administrator
[INFO] 2018-12-04 23:12:20,651 method:org.apache.zookeeper.Environment.logEnv(Environment.java:100)
Client environment:user.dir=E:\CMS
[INFO] 2018-12-04 23:12:20,692 method:org.apache.zookeeper.ZooKeeper.<init>(ZooKeeper.java:438)
Initiating client connection, connectString=localhost:2181 sessionTimeout=30000 watcher=org.I0Itec.zkclient.ZkClient@4bc36c96
[INFO] 2018-12-04 23:12:20,745 method:org.I0Itec.zkclient.ZkClient.waitForKeeperState(ZkClient.java:936)
Waiting for keeper state SyncConnected
[INFO] 2018-12-04 23:12:20,929 method:org.apache.zookeeper.ClientCnxn$SendThread.logStartConnect(ClientCnxn.java:1032)
Opening socket connection to server 127.0.0.1/127.0.0.1:2181. Will not attempt to authenticate using SASL (unknown error)
[WARN] 2018-12-04 23:12:21,932 method:org.apache.zookeeper.ClientCnxn$SendThread.run(ClientCnxn.java:1162)
Session 0x0 for server null, unexpected error, closing socket connection and attempting reconnect
java.net.ConnectException: Connection refused: no further information
	at sun.nio.ch.SocketChannelImpl.checkConnect(Native Method)
	at sun.nio.ch.SocketChannelImpl.finishConnect(SocketChannelImpl.java:717)
	at org.apache.zookeeper.ClientCnxnSocketNIO.doTransport(ClientCnxnSocketNIO.java:361)
	at org.apache.zookeeper.ClientCnxn$SendThread.run(ClientCnxn.java:1141)
[INFO] 2018-12-04 23:12:22,129 method:org.apache.zookeeper.ClientCnxn$SendThread.logStartConnect(ClientCnxn.java:1032)
Opening socket connection to server 0:0:0:0:0:0:0:1/0:0:0:0:0:0:0:1:2181. Will not attempt to authenticate using SASL (unknown error)
[WARN] 2018-12-04 23:12:23,132 method:org.apache.zookeeper.ClientCnxn$SendThread.run(ClientCnxn.java:1162)
Session 0x0 for server null, unexpected error, closing socket connection and attempting reconnect
java.net.ConnectException: Connection refused: no further information
	at sun.nio.ch.SocketChannelImpl.checkConnect(Native Method)
	at sun.nio.ch.SocketChannelImpl.finishConnect(SocketChannelImpl.java:717)
	at org.apache.zookeeper.ClientCnxnSocketNIO.doTransport(ClientCnxnSocketNIO.java:361)
	at org.apache.zookeeper.ClientCnxn$SendThread.run(ClientCnxn.java:1141)
[INFO] 2018-12-04 23:12:24,234 method:org.apache.zookeeper.ClientCnxn$SendThread.logStartConnect(ClientCnxn.java:1032)
Opening socket connection to server 127.0.0.1/127.0.0.1:2181. Will not attempt to authenticate using SASL (unknown error)
[WARN] 2018-12-04 23:12:25,236 method:org.apache.zookeeper.ClientCnxn$SendThread.run(ClientCnxn.java:1162)
Session 0x0 for server null, unexpected error, closing socket connection and attempting reconnect
java.net.ConnectException: Connection refused: no further information
	at sun.nio.ch.SocketChannelImpl.checkConnect(Native Method)
	at sun.nio.ch.SocketChannelImpl.finishConnect(SocketChannelImpl.java:717)
	at org.apache.zookeeper.ClientCnxnSocketNIO.doTransport(ClientCnxnSocketNIO.java:361)
	at org.apache.zookeeper.ClientCnxn$SendThread.run(ClientCnxn.java:1141)
[INFO] 2018-12-04 23:12:25,337 method:org.apache.zookeeper.ClientCnxn$SendThread.logStartConnect(ClientCnxn.java:1032)
Opening socket connection to server 0:0:0:0:0:0:0:1/0:0:0:0:0:0:0:1:2181. Will not attempt to authenticate using SASL (unknown error)
[WARN] 2018-12-04 23:12:26,339 method:org.apache.zookeeper.ClientCnxn$SendThread.run(ClientCnxn.java:1162)
Session 0x0 for server null, unexpected error, closing socket connection and attempting reconnect
java.net.ConnectException: Connection refused: no further information
	at sun.nio.ch.SocketChannelImpl.checkConnect(Native Method)
	at sun.nio.ch.SocketChannelImpl.finishConnect(SocketChannelImpl.java:717)
	at org.apache.zookeeper.ClientCnxnSocketNIO.doTransport(ClientCnxnSocketNIO.java:361)
	at org.apache.zookeeper.ClientCnxn$SendThread.run(ClientCnxn.java:1141)
[INFO] 2018-12-04 23:12:27,440 method:org.apache.zookeeper.ClientCnxn$SendThread.logStartConnect(ClientCnxn.java:1032)
Opening socket connection to server 127.0.0.1/127.0.0.1:2181. Will not attempt to authenticate using SASL (unknown error)
[WARN] 2018-12-04 23:12:28,447 method:org.apache.zookeeper.ClientCnxn$SendThread.run(ClientCnxn.java:1162)
Session 0x0 for server null, unexpected error, closing socket connection and attempting reconnect
java.net.ConnectException: Connection refused: no further information
	at sun.nio.ch.SocketChannelImpl.checkConnect(Native Method)
	at sun.nio.ch.SocketChannelImpl.finishConnect(SocketChannelImpl.java:717)
	at org.apache.zookeeper.ClientCnxnSocketNIO.doTransport(ClientCnxnSocketNIO.java:361)
	at org.apache.zookeeper.ClientCnxn$SendThread.run(ClientCnxn.java:1141)
[INFO] 2018-12-04 23:12:28,549 method:org.apache.zookeeper.ClientCnxn$SendThread.logStartConnect(ClientCnxn.java:1032)
Opening socket connection to server 0:0:0:0:0:0:0:1/0:0:0:0:0:0:0:1:2181. Will not attempt to authenticate using SASL (unknown error)
[WARN] 2018-12-04 23:12:29,551 method:org.apache.zookeeper.ClientCnxn$SendThread.run(ClientCnxn.java:1162)
Session 0x0 for server null, unexpected error, closing socket connection and attempting reconnect
java.net.ConnectException: Connection refused: no further information
	at sun.nio.ch.SocketChannelImpl.checkConnect(Native Method)
	at sun.nio.ch.SocketChannelImpl.finishConnect(SocketChannelImpl.java:717)
	at org.apache.zookeeper.ClientCnxnSocketNIO.doTransport(ClientCnxnSocketNIO.java:361)
	at org.apache.zookeeper.ClientCnxn$SendThread.run(ClientCnxn.java:1141)
[INFO] 2018-12-04 23:12:30,652 method:org.apache.zookeeper.ClientCnxn$SendThread.logStartConnect(ClientCnxn.java:1032)
Opening socket connection to server 127.0.0.1/127.0.0.1:2181. Will not attempt to authenticate using SASL (unknown error)
[WARN] 2018-12-04 23:12:31,655 method:org.apache.zookeeper.ClientCnxn$SendThread.run(ClientCnxn.java:1162)
Session 0x0 for server null, unexpected error, closing socket connection and attempting reconnect
java.net.ConnectException: Connection refused: no further information
	at sun.nio.ch.SocketChannelImpl.checkConnect(Native Method)
	at sun.nio.ch.SocketChannelImpl.finishConnect(SocketChannelImpl.java:717)
	at org.apache.zookeeper.ClientCnxnSocketNIO.doTransport(ClientCnxnSocketNIO.java:361)
	at org.apache.zookeeper.ClientCnxn$SendThread.run(ClientCnxn.java:1141)
[INFO] 2018-12-04 23:12:31,755 method:org.apache.zookeeper.ClientCnxn$SendThread.logStartConnect(ClientCnxn.java:1032)
Opening socket connection to server 0:0:0:0:0:0:0:1/0:0:0:0:0:0:0:1:2181. Will not attempt to authenticate using SASL (unknown error)
[WARN] 2018-12-04 23:12:32,760 method:org.apache.zookeeper.ClientCnxn$SendThread.run(ClientCnxn.java:1162)
Session 0x0 for server null, unexpected error, closing socket connection and attempting reconnect
java.net.ConnectException: Connection refused: no further information
	at sun.nio.ch.SocketChannelImpl.checkConnect(Native Method)
	at sun.nio.ch.SocketChannelImpl.finishConnect(SocketChannelImpl.java:717)
	at org.apache.zookeeper.ClientCnxnSocketNIO.doTransport(ClientCnxnSocketNIO.java:361)
	at org.apache.zookeeper.ClientCnxn$SendThread.run(ClientCnxn.java:1141)
[INFO] 2018-12-04 23:12:33,861 method:org.apache.zookeeper.ClientCnxn$SendThread.logStartConnect(ClientCnxn.java:1032)
Opening socket connection to server 127.0.0.1/127.0.0.1:2181. Will not attempt to authenticate using SASL (unknown error)
[WARN] 2018-12-04 23:12:34,863 method:org.apache.zookeeper.ClientCnxn$SendThread.run(ClientCnxn.java:1162)
Session 0x0 for server null, unexpected error, closing socket connection and attempting reconnect
java.net.ConnectException: Connection refused: no further information
	at sun.nio.ch.SocketChannelImpl.checkConnect(Native Method)
	at sun.nio.ch.SocketChannelImpl.finishConnect(SocketChannelImpl.java:717)
	at org.apache.zookeeper.ClientCnxnSocketNIO.doTransport(ClientCnxnSocketNIO.java:361)
	at org.apache.zookeeper.ClientCnxn$SendThread.run(ClientCnxn.java:1141)
[INFO] 2018-12-04 23:12:34,964 method:org.apache.zookeeper.ClientCnxn$SendThread.logStartConnect(ClientCnxn.java:1032)
Opening socket connection to server 0:0:0:0:0:0:0:1/0:0:0:0:0:0:0:1:2181. Will not attempt to authenticate using SASL (unknown error)
[WARN] 2018-12-04 23:12:35,967 method:org.apache.zookeeper.ClientCnxn$SendThread.run(ClientCnxn.java:1162)
Session 0x0 for server null, unexpected error, closing socket connection and attempting reconnect
java.net.ConnectException: Connection refused: no further information
	at sun.nio.ch.SocketChannelImpl.checkConnect(Native Method)
	at sun.nio.ch.SocketChannelImpl.finishConnect(SocketChannelImpl.java:717)
	at org.apache.zookeeper.ClientCnxnSocketNIO.doTransport(ClientCnxnSocketNIO.java:361)
	at org.apache.zookeeper.ClientCnxn$SendThread.run(ClientCnxn.java:1141)
[INFO] 2018-12-04 23:12:37,068 method:org.apache.zookeeper.ClientCnxn$SendThread.logStartConnect(ClientCnxn.java:1032)
Opening socket connection to server 127.0.0.1/127.0.0.1:2181. Will not attempt to authenticate using SASL (unknown error)
[INFO] 2018-12-04 23:12:37,069 method:org.apache.zookeeper.ClientCnxn$SendThread.primeConnection(ClientCnxn.java:876)
Socket connection established to 127.0.0.1/127.0.0.1:2181, initiating session
[INFO] 2018-12-04 23:12:37,424 method:org.apache.zookeeper.ClientCnxn$SendThread.onConnected(ClientCnxn.java:1299)
Session establishment complete on server 127.0.0.1/127.0.0.1:2181, sessionid = 0x100624206e70000, negotiated timeout = 30000
[INFO] 2018-12-04 23:12:37,425 method:org.I0Itec.zkclient.ZkClient.processStateChanged(ZkClient.java:713)
zookeeper state changed (SyncConnected)
[INFO] 2018-12-04 23:12:37,433 method:com.alibaba.dubbo.registry.support.AbstractRegistry.register(AbstractRegistry.java:269)
 [DUBBO] Register: dubbo://169.254.179.223:20880/com.cn.hsx.tyqxcms.service.ILoginLogService?anyhost=true&application=provider&dubbo=2.0.1&generic=false&interface=com.cn.hsx.tyqxcms.service.ILoginLogService&methods=updateAllColumnBatchById,update,insert,delete,deleteBatchIds,insertOrUpdate,insertOrUpdateAllColumnBatch,deleteByMap,insertOrUpdateBatch,updateBatchById,selectMapsPage,insertAllColumn,selectPage,selectObj,insertOrUpdateAllColumn,selectByMap,selectById,updateById,selectObjs,selectList,selectOne,selectBatchIds,selectMap,deleteById,selectCount,insertBatch,updateAllColumnById,selectMaps&pid=2040&revision=1.0.0&side=provider&timeout=60000&timestamp=1543936331372&version=1.0.0, dubbo version: 2.0.1, current host: 169.254.179.223
[INFO] 2018-12-04 23:12:37,543 method:com.alibaba.dubbo.registry.support.AbstractRegistry.subscribe(AbstractRegistry.java:292)
 [DUBBO] Subscribe: provider://169.254.179.223:20880/com.cn.hsx.tyqxcms.service.ILoginLogService?anyhost=true&application=provider&category=configurators&check=false&dubbo=2.0.1&generic=false&interface=com.cn.hsx.tyqxcms.service.ILoginLogService&methods=updateAllColumnBatchById,update,insert,delete,deleteBatchIds,insertOrUpdate,insertOrUpdateAllColumnBatch,deleteByMap,insertOrUpdateBatch,updateBatchById,selectMapsPage,insertAllColumn,selectPage,selectObj,insertOrUpdateAllColumn,selectByMap,selectById,updateById,selectObjs,selectList,selectOne,selectBatchIds,selectMap,deleteById,selectCount,insertBatch,updateAllColumnById,selectMaps&pid=2040&revision=1.0.0&side=provider&timeout=60000&timestamp=1543936331372&version=1.0.0, dubbo version: 2.0.1, current host: 169.254.179.223
[INFO] 2018-12-04 23:12:37,743 method:com.alibaba.dubbo.registry.support.AbstractRegistry.notify(AbstractRegistry.java:380)
 [DUBBO] Notify urls for subscribe url provider://169.254.179.223:20880/com.cn.hsx.tyqxcms.service.ILoginLogService?anyhost=true&application=provider&category=configurators&check=false&dubbo=2.0.1&generic=false&interface=com.cn.hsx.tyqxcms.service.ILoginLogService&methods=updateAllColumnBatchById,update,insert,delete,deleteBatchIds,insertOrUpdate,insertOrUpdateAllColumnBatch,deleteByMap,insertOrUpdateBatch,updateBatchById,selectMapsPage,insertAllColumn,selectPage,selectObj,insertOrUpdateAllColumn,selectByMap,selectById,updateById,selectObjs,selectList,selectOne,selectBatchIds,selectMap,deleteById,selectCount,insertBatch,updateAllColumnById,selectMaps&pid=2040&revision=1.0.0&side=provider&timeout=60000&timestamp=1543936331372&version=1.0.0, urls: [empty://169.254.179.223:20880/com.cn.hsx.tyqxcms.service.ILoginLogService?anyhost=true&application=provider&category=configurators&check=false&dubbo=2.0.1&generic=false&interface=com.cn.hsx.tyqxcms.service.ILoginLogService&methods=updateAllColumnBatchById,update,insert,delete,deleteBatchIds,insertOrUpdate,insertOrUpdateAllColumnBatch,deleteByMap,insertOrUpdateBatch,updateBatchById,selectMapsPage,insertAllColumn,selectPage,selectObj,insertOrUpdateAllColumn,selectByMap,selectById,updateById,selectObjs,selectList,selectOne,selectBatchIds,selectMap,deleteById,selectCount,insertBatch,updateAllColumnById,selectMaps&pid=2040&revision=1.0.0&side=provider&timeout=60000&timestamp=1543936331372&version=1.0.0], dubbo version: 2.0.1, current host: 169.254.179.223
[INFO] 2018-12-04 23:12:37,823 method:com.alibaba.dubbo.config.spring.ServiceBean.onApplicationEvent(ServiceBean.java:118)
 [DUBBO] The service ready on spring started. service: com.cn.hsx.tyqxcms.service.IPermissionService, dubbo version: 2.0.1, current host: 169.254.179.223
[INFO] 2018-12-04 23:12:37,848 method:com.alibaba.dubbo.config.ServiceConfig.exportLocal(ServiceConfig.java:529)
 [DUBBO] Export dubbo service com.cn.hsx.tyqxcms.service.IPermissionService to local registry, dubbo version: 2.0.1, current host: 169.254.179.223
[INFO] 2018-12-04 23:12:37,848 method:com.alibaba.dubbo.config.ServiceConfig.doExportUrlsFor1Protocol(ServiceConfig.java:489)
 [DUBBO] Export dubbo service com.cn.hsx.tyqxcms.service.IPermissionService to url dubbo://169.254.179.223:20880/com.cn.hsx.tyqxcms.service.IPermissionService?anyhost=true&application=provider&bind.ip=169.254.179.223&bind.port=20880&dubbo=2.0.1&generic=false&interface=com.cn.hsx.tyqxcms.service.IPermissionService&methods=getAllDirectoryPermissions,updateAllColumnBatchById,delBatchPermission,update,insert,delete,deleteBatchIds,insertOrUpdate,insertOrUpdateAllColumnBatch,getAllPermissions,deleteByMap,insertOrUpdateBatch,updateBatchById,selectMapsPage,insertAllColumn,allPermissionInfo,selectPage,selectObj,insertOrUpdateAllColumn,getMenuPermissions,selectByMap,selectById,updateById,selectObjs,selectList,selectOne,selectBatchIds,savePermission,selectMap,deleteById,selectCount,insertBatch,updateAllColumnById,selectMaps&pid=2040&revision=1.0.0&side=provider&timeout=60000&timestamp=1543936357826&version=1.0.0, dubbo version: 2.0.1, current host: 169.254.179.223
[INFO] 2018-12-04 23:12:37,848 method:com.alibaba.dubbo.config.ServiceConfig.doExportUrlsFor1Protocol(ServiceConfig.java:499)
 [DUBBO] Register dubbo service com.cn.hsx.tyqxcms.service.IPermissionService url dubbo://169.254.179.223:20880/com.cn.hsx.tyqxcms.service.IPermissionService?anyhost=true&application=provider&bind.ip=169.254.179.223&bind.port=20880&dubbo=2.0.1&generic=false&interface=com.cn.hsx.tyqxcms.service.IPermissionService&methods=getAllDirectoryPermissions,updateAllColumnBatchById,delBatchPermission,update,insert,delete,deleteBatchIds,insertOrUpdate,insertOrUpdateAllColumnBatch,getAllPermissions,deleteByMap,insertOrUpdateBatch,updateBatchById,selectMapsPage,insertAllColumn,allPermissionInfo,selectPage,selectObj,insertOrUpdateAllColumn,getMenuPermissions,selectByMap,selectById,updateById,selectObjs,selectList,selectOne,selectBatchIds,savePermission,selectMap,deleteById,selectCount,insertBatch,updateAllColumnById,selectMaps&pid=2040&revision=1.0.0&side=provider&timeout=60000&timestamp=1543936357826&version=1.0.0 to registry registry://localhost:2181/com.alibaba.dubbo.registry.RegistryService?application=provider&dubbo=2.0.1&pid=2040&registry=zookeeper&timestamp=1543936357826, dubbo version: 2.0.1, current host: 169.254.179.223
[INFO] 2018-12-04 23:12:37,849 method:com.alibaba.dubbo.registry.support.AbstractRegistry.register(AbstractRegistry.java:269)
 [DUBBO] Register: dubbo://169.254.179.223:20880/com.cn.hsx.tyqxcms.service.IPermissionService?anyhost=true&application=provider&dubbo=2.0.1&generic=false&interface=com.cn.hsx.tyqxcms.service.IPermissionService&methods=getAllDirectoryPermissions,updateAllColumnBatchById,delBatchPermission,update,insert,delete,deleteBatchIds,insertOrUpdate,insertOrUpdateAllColumnBatch,getAllPermissions,deleteByMap,insertOrUpdateBatch,updateBatchById,selectMapsPage,insertAllColumn,allPermissionInfo,selectPage,selectObj,insertOrUpdateAllColumn,getMenuPermissions,selectByMap,selectById,updateById,selectObjs,selectList,selectOne,selectBatchIds,savePermission,selectMap,deleteById,selectCount,insertBatch,updateAllColumnById,selectMaps&pid=2040&revision=1.0.0&side=provider&timeout=60000&timestamp=1543936357826&version=1.0.0, dubbo version: 2.0.1, current host: 169.254.179.223
[INFO] 2018-12-04 23:12:37,895 method:com.alibaba.dubbo.registry.support.AbstractRegistry.subscribe(AbstractRegistry.java:292)
 [DUBBO] Subscribe: provider://169.254.179.223:20880/com.cn.hsx.tyqxcms.service.IPermissionService?anyhost=true&application=provider&category=configurators&check=false&dubbo=2.0.1&generic=false&interface=com.cn.hsx.tyqxcms.service.IPermissionService&methods=getAllDirectoryPermissions,updateAllColumnBatchById,delBatchPermission,update,insert,delete,deleteBatchIds,insertOrUpdate,insertOrUpdateAllColumnBatch,getAllPermissions,deleteByMap,insertOrUpdateBatch,updateBatchById,selectMapsPage,insertAllColumn,allPermissionInfo,selectPage,selectObj,insertOrUpdateAllColumn,getMenuPermissions,selectByMap,selectById,updateById,selectObjs,selectList,selectOne,selectBatchIds,savePermission,selectMap,deleteById,selectCount,insertBatch,updateAllColumnById,selectMaps&pid=2040&revision=1.0.0&side=provider&timeout=60000&timestamp=1543936357826&version=1.0.0, dubbo version: 2.0.1, current host: 169.254.179.223
[INFO] 2018-12-04 23:12:38,103 method:com.alibaba.dubbo.registry.support.AbstractRegistry.notify(AbstractRegistry.java:380)
 [DUBBO] Notify urls for subscribe url provider://169.254.179.223:20880/com.cn.hsx.tyqxcms.service.IPermissionService?anyhost=true&application=provider&category=configurators&check=false&dubbo=2.0.1&generic=false&interface=com.cn.hsx.tyqxcms.service.IPermissionService&methods=getAllDirectoryPermissions,updateAllColumnBatchById,delBatchPermission,update,insert,delete,deleteBatchIds,insertOrUpdate,insertOrUpdateAllColumnBatch,getAllPermissions,deleteByMap,insertOrUpdateBatch,updateBatchById,selectMapsPage,insertAllColumn,allPermissionInfo,selectPage,selectObj,insertOrUpdateAllColumn,getMenuPermissions,selectByMap,selectById,updateById,selectObjs,selectList,selectOne,selectBatchIds,savePermission,selectMap,deleteById,selectCount,insertBatch,updateAllColumnById,selectMaps&pid=2040&revision=1.0.0&side=provider&timeout=60000&timestamp=1543936357826&version=1.0.0, urls: [empty://169.254.179.223:20880/com.cn.hsx.tyqxcms.service.IPermissionService?anyhost=true&application=provider&category=configurators&check=false&dubbo=2.0.1&generic=false&interface=com.cn.hsx.tyqxcms.service.IPermissionService&methods=getAllDirectoryPermissions,updateAllColumnBatchById,delBatchPermission,update,insert,delete,deleteBatchIds,insertOrUpdate,insertOrUpdateAllColumnBatch,getAllPermissions,deleteByMap,insertOrUpdateBatch,updateBatchById,selectMapsPage,insertAllColumn,allPermissionInfo,selectPage,selectObj,insertOrUpdateAllColumn,getMenuPermissions,selectByMap,selectById,updateById,selectObjs,selectList,selectOne,selectBatchIds,savePermission,selectMap,deleteById,selectCount,insertBatch,updateAllColumnById,selectMaps&pid=2040&revision=1.0.0&side=provider&timeout=60000&timestamp=1543936357826&version=1.0.0], dubbo version: 2.0.1, current host: 169.254.179.223
[INFO] 2018-12-04 23:12:38,104 method:com.alibaba.dubbo.config.spring.ServiceBean.onApplicationEvent(ServiceBean.java:118)
 [DUBBO] The service ready on spring started. service: com.cn.hsx.tyqxcms.service.IRoleService, dubbo version: 2.0.1, current host: 169.254.179.223
[INFO] 2018-12-04 23:12:38,123 method:com.alibaba.dubbo.config.ServiceConfig.exportLocal(ServiceConfig.java:529)
 [DUBBO] Export dubbo service com.cn.hsx.tyqxcms.service.IRoleService to local registry, dubbo version: 2.0.1, current host: 169.254.179.223
[INFO] 2018-12-04 23:12:38,124 method:com.alibaba.dubbo.config.ServiceConfig.doExportUrlsFor1Protocol(ServiceConfig.java:489)
 [DUBBO] Export dubbo service com.cn.hsx.tyqxcms.service.IRoleService to url dubbo://169.254.179.223:20880/com.cn.hsx.tyqxcms.service.IRoleService?anyhost=true&application=provider&bind.ip=169.254.179.223&bind.port=20880&dubbo=2.0.1&generic=false&interface=com.cn.hsx.tyqxcms.service.IRoleService&methods=updateAllColumnBatchById,update,insert,delete,deleteBatchIds,insertOrUpdate,insertOrUpdateAllColumnBatch,deleteByMap,insertOrUpdateBatch,updateBatchById,selectMapsPage,insertAllColumn,selectPage,selectObj,insertOrUpdateAllColumn,saveRole,selectByMap,selectById,updateById,selectObjs,selectList,selectOne,selectBatchIds,selectMap,deleteById,selectCount,insertBatch,updateAllColumnById,selectMaps&pid=2040&revision=1.0.0&side=provider&timeout=60000&timestamp=1543936358108&version=1.0.0, dubbo version: 2.0.1, current host: 169.254.179.223
[INFO] 2018-12-04 23:12:38,124 method:com.alibaba.dubbo.config.ServiceConfig.doExportUrlsFor1Protocol(ServiceConfig.java:499)
 [DUBBO] Register dubbo service com.cn.hsx.tyqxcms.service.IRoleService url dubbo://169.254.179.223:20880/com.cn.hsx.tyqxcms.service.IRoleService?anyhost=true&application=provider&bind.ip=169.254.179.223&bind.port=20880&dubbo=2.0.1&generic=false&interface=com.cn.hsx.tyqxcms.service.IRoleService&methods=updateAllColumnBatchById,update,insert,delete,deleteBatchIds,insertOrUpdate,insertOrUpdateAllColumnBatch,deleteByMap,insertOrUpdateBatch,updateBatchById,selectMapsPage,insertAllColumn,selectPage,selectObj,insertOrUpdateAllColumn,saveRole,selectByMap,selectById,updateById,selectObjs,selectList,selectOne,selectBatchIds,selectMap,deleteById,selectCount,insertBatch,updateAllColumnById,selectMaps&pid=2040&revision=1.0.0&side=provider&timeout=60000&timestamp=1543936358108&version=1.0.0 to registry registry://localhost:2181/com.alibaba.dubbo.registry.RegistryService?application=provider&dubbo=2.0.1&pid=2040&registry=zookeeper&timestamp=1543936358108, dubbo version: 2.0.1, current host: 169.254.179.223
[INFO] 2018-12-04 23:12:38,126 method:com.alibaba.dubbo.registry.support.AbstractRegistry.register(AbstractRegistry.java:269)
 [DUBBO] Register: dubbo://169.254.179.223:20880/com.cn.hsx.tyqxcms.service.IRoleService?anyhost=true&application=provider&dubbo=2.0.1&generic=false&interface=com.cn.hsx.tyqxcms.service.IRoleService&methods=updateAllColumnBatchById,update,insert,delete,deleteBatchIds,insertOrUpdate,insertOrUpdateAllColumnBatch,deleteByMap,insertOrUpdateBatch,updateBatchById,selectMapsPage,insertAllColumn,selectPage,selectObj,insertOrUpdateAllColumn,saveRole,selectByMap,selectById,updateById,selectObjs,selectList,selectOne,selectBatchIds,selectMap,deleteById,selectCount,insertBatch,updateAllColumnById,selectMaps&pid=2040&revision=1.0.0&side=provider&timeout=60000&timestamp=1543936358108&version=1.0.0, dubbo version: 2.0.1, current host: 169.254.179.223
[INFO] 2018-12-04 23:12:38,327 method:com.alibaba.dubbo.registry.support.AbstractRegistry.subscribe(AbstractRegistry.java:292)
 [DUBBO] Subscribe: provider://169.254.179.223:20880/com.cn.hsx.tyqxcms.service.IRoleService?anyhost=true&application=provider&category=configurators&check=false&dubbo=2.0.1&generic=false&interface=com.cn.hsx.tyqxcms.service.IRoleService&methods=updateAllColumnBatchById,update,insert,delete,deleteBatchIds,insertOrUpdate,insertOrUpdateAllColumnBatch,deleteByMap,insertOrUpdateBatch,updateBatchById,selectMapsPage,insertAllColumn,selectPage,selectObj,insertOrUpdateAllColumn,saveRole,selectByMap,selectById,updateById,selectObjs,selectList,selectOne,selectBatchIds,selectMap,deleteById,selectCount,insertBatch,updateAllColumnById,selectMaps&pid=2040&revision=1.0.0&side=provider&timeout=60000&timestamp=1543936358108&version=1.0.0, dubbo version: 2.0.1, current host: 169.254.179.223
[INFO] 2018-12-04 23:12:38,387 method:com.alibaba.dubbo.registry.support.AbstractRegistry.notify(AbstractRegistry.java:380)
 [DUBBO] Notify urls for subscribe url provider://169.254.179.223:20880/com.cn.hsx.tyqxcms.service.IRoleService?anyhost=true&application=provider&category=configurators&check=false&dubbo=2.0.1&generic=false&interface=com.cn.hsx.tyqxcms.service.IRoleService&methods=updateAllColumnBatchById,update,insert,delete,deleteBatchIds,insertOrUpdate,insertOrUpdateAllColumnBatch,deleteByMap,insertOrUpdateBatch,updateBatchById,selectMapsPage,insertAllColumn,selectPage,selectObj,insertOrUpdateAllColumn,saveRole,selectByMap,selectById,updateById,selectObjs,selectList,selectOne,selectBatchIds,selectMap,deleteById,selectCount,insertBatch,updateAllColumnById,selectMaps&pid=2040&revision=1.0.0&side=provider&timeout=60000&timestamp=1543936358108&version=1.0.0, urls: [empty://169.254.179.223:20880/com.cn.hsx.tyqxcms.service.IRoleService?anyhost=true&application=provider&category=configurators&check=false&dubbo=2.0.1&generic=false&interface=com.cn.hsx.tyqxcms.service.IRoleService&methods=updateAllColumnBatchById,update,insert,delete,deleteBatchIds,insertOrUpdate,insertOrUpdateAllColumnBatch,deleteByMap,insertOrUpdateBatch,updateBatchById,selectMapsPage,insertAllColumn,selectPage,selectObj,insertOrUpdateAllColumn,saveRole,selectByMap,selectById,updateById,selectObjs,selectList,selectOne,selectBatchIds,selectMap,deleteById,selectCount,insertBatch,updateAllColumnById,selectMaps&pid=2040&revision=1.0.0&side=provider&timeout=60000&timestamp=1543936358108&version=1.0.0], dubbo version: 2.0.1, current host: 169.254.179.223
[INFO] 2018-12-04 23:12:38,388 method:com.alibaba.dubbo.config.spring.ServiceBean.onApplicationEvent(ServiceBean.java:118)
 [DUBBO] The service ready on spring started. service: com.cn.hsx.tyqxcms.service.IUserService, dubbo version: 2.0.1, current host: 169.254.179.223
[INFO] 2018-12-04 23:12:38,410 method:com.alibaba.dubbo.config.ServiceConfig.exportLocal(ServiceConfig.java:529)
 [DUBBO] Export dubbo service com.cn.hsx.tyqxcms.service.IUserService to local registry, dubbo version: 2.0.1, current host: 169.254.179.223
[INFO] 2018-12-04 23:12:38,410 method:com.alibaba.dubbo.config.ServiceConfig.doExportUrlsFor1Protocol(ServiceConfig.java:489)
 [DUBBO] Export dubbo service com.cn.hsx.tyqxcms.service.IUserService to url dubbo://169.254.179.223:20880/com.cn.hsx.tyqxcms.service.IUserService?anyhost=true&application=provider&bind.ip=169.254.179.223&bind.port=20880&dubbo=2.0.1&generic=false&interface=com.cn.hsx.tyqxcms.service.IUserService&methods=updateAllColumnBatchById,update,insert,delete,deleteBatchIds,insertOrUpdate,insertOrUpdateAllColumnBatch,deleteByMap,insertOrUpdateBatch,updateBatchById,selectMapsPage,insertAllColumn,findUserInfo,selectPage,selectObj,insertOrUpdateAllColumn,selectByMap,selectById,updateById,selectObjs,selectList,selectOne,selectBatchIds,selectMap,deleteById,selectCount,insertBatch,updateAllColumnById,selectMaps&pid=2040&revision=1.0.0&side=provider&timeout=60000&timestamp=1543936358391&version=1.0.0, dubbo version: 2.0.1, current host: 169.254.179.223
[INFO] 2018-12-04 23:12:38,411 method:com.alibaba.dubbo.config.ServiceConfig.doExportUrlsFor1Protocol(ServiceConfig.java:499)
 [DUBBO] Register dubbo service com.cn.hsx.tyqxcms.service.IUserService url dubbo://169.254.179.223:20880/com.cn.hsx.tyqxcms.service.IUserService?anyhost=true&application=provider&bind.ip=169.254.179.223&bind.port=20880&dubbo=2.0.1&generic=false&interface=com.cn.hsx.tyqxcms.service.IUserService&methods=updateAllColumnBatchById,update,insert,delete,deleteBatchIds,insertOrUpdate,insertOrUpdateAllColumnBatch,deleteByMap,insertOrUpdateBatch,updateBatchById,selectMapsPage,insertAllColumn,findUserInfo,selectPage,selectObj,insertOrUpdateAllColumn,selectByMap,selectById,updateById,selectObjs,selectList,selectOne,selectBatchIds,selectMap,deleteById,selectCount,insertBatch,updateAllColumnById,selectMaps&pid=2040&revision=1.0.0&side=provider&timeout=60000&timestamp=1543936358391&version=1.0.0 to registry registry://localhost:2181/com.alibaba.dubbo.registry.RegistryService?application=provider&dubbo=2.0.1&pid=2040&registry=zookeeper&timestamp=1543936358391, dubbo version: 2.0.1, current host: 169.254.179.223
[INFO] 2018-12-04 23:12:38,412 method:com.alibaba.dubbo.registry.support.AbstractRegistry.register(AbstractRegistry.java:269)
 [DUBBO] Register: dubbo://169.254.179.223:20880/com.cn.hsx.tyqxcms.service.IUserService?anyhost=true&application=provider&dubbo=2.0.1&generic=false&interface=com.cn.hsx.tyqxcms.service.IUserService&methods=updateAllColumnBatchById,update,insert,delete,deleteBatchIds,insertOrUpdate,insertOrUpdateAllColumnBatch,deleteByMap,insertOrUpdateBatch,updateBatchById,selectMapsPage,insertAllColumn,findUserInfo,selectPage,selectObj,insertOrUpdateAllColumn,selectByMap,selectById,updateById,selectObjs,selectList,selectOne,selectBatchIds,selectMap,deleteById,selectCount,insertBatch,updateAllColumnById,selectMaps&pid=2040&revision=1.0.0&side=provider&timeout=60000&timestamp=1543936358391&version=1.0.0, dubbo version: 2.0.1, current host: 169.254.179.223
[INFO] 2018-12-04 23:12:38,462 method:com.alibaba.dubbo.registry.support.AbstractRegistry.subscribe(AbstractRegistry.java:292)
 [DUBBO] Subscribe: provider://169.254.179.223:20880/com.cn.hsx.tyqxcms.service.IUserService?anyhost=true&application=provider&category=configurators&check=false&dubbo=2.0.1&generic=false&interface=com.cn.hsx.tyqxcms.service.IUserService&methods=updateAllColumnBatchById,update,insert,delete,deleteBatchIds,insertOrUpdate,insertOrUpdateAllColumnBatch,deleteByMap,insertOrUpdateBatch,updateBatchById,selectMapsPage,insertAllColumn,findUserInfo,selectPage,selectObj,insertOrUpdateAllColumn,selectByMap,selectById,updateById,selectObjs,selectList,selectOne,selectBatchIds,selectMap,deleteById,selectCount,insertBatch,updateAllColumnById,selectMaps&pid=2040&revision=1.0.0&side=provider&timeout=60000&timestamp=1543936358391&version=1.0.0, dubbo version: 2.0.1, current host: 169.254.179.223
[INFO] 2018-12-04 23:12:38,522 method:com.alibaba.dubbo.registry.support.AbstractRegistry.notify(AbstractRegistry.java:380)
 [DUBBO] Notify urls for subscribe url provider://169.254.179.223:20880/com.cn.hsx.tyqxcms.service.IUserService?anyhost=true&application=provider&category=configurators&check=false&dubbo=2.0.1&generic=false&interface=com.cn.hsx.tyqxcms.service.IUserService&methods=updateAllColumnBatchById,update,insert,delete,deleteBatchIds,insertOrUpdate,insertOrUpdateAllColumnBatch,deleteByMap,insertOrUpdateBatch,updateBatchById,selectMapsPage,insertAllColumn,findUserInfo,selectPage,selectObj,insertOrUpdateAllColumn,selectByMap,selectById,updateById,selectObjs,selectList,selectOne,selectBatchIds,selectMap,deleteById,selectCount,insertBatch,updateAllColumnById,selectMaps&pid=2040&revision=1.0.0&side=provider&timeout=60000&timestamp=1543936358391&version=1.0.0, urls: [empty://169.254.179.223:20880/com.cn.hsx.tyqxcms.service.IUserService?anyhost=true&application=provider&category=configurators&check=false&dubbo=2.0.1&generic=false&interface=com.cn.hsx.tyqxcms.service.IUserService&methods=updateAllColumnBatchById,update,insert,delete,deleteBatchIds,insertOrUpdate,insertOrUpdateAllColumnBatch,deleteByMap,insertOrUpdateBatch,updateBatchById,selectMapsPage,insertAllColumn,findUserInfo,selectPage,selectObj,insertOrUpdateAllColumn,selectByMap,selectById,updateById,selectObjs,selectList,selectOne,selectBatchIds,selectMap,deleteById,selectCount,insertBatch,updateAllColumnById,selectMaps&pid=2040&revision=1.0.0&side=provider&timeout=60000&timestamp=1543936358391&version=1.0.0], dubbo version: 2.0.1, current host: 169.254.179.223
[INFO] 2018-12-04 23:12:38,566 method:org.springframework.boot.StartupInfoLogger.logStarted(StartupInfoLogger.java:57)
Started ServiceApplication in 32.03 seconds (JVM running for 34.777)
[INFO] 2018-12-04 23:14:18,079 method:com.cn.hsx.tyqxcms.config.ServiceLogAspect.doBefore(ServiceLogAspect.java:28)
CLASS_METHOD : com.cn.hsx.tyqxcms.service.impl.UserServiceImpl.findUserInfo
[INFO] 2018-12-04 23:14:18,079 method:com.cn.hsx.tyqxcms.config.ServiceLogAspect.doBefore(ServiceLogAspect.java:29)
ARGS : [admin]
[INFO] 2018-12-04 23:14:18,607 method:com.cn.hsx.tyqxcms.config.ServiceLogAspect.doAfterReturning(ServiceLogAspect.java:34)
RESPONSE : User{, id=1, roleId=1, name=超级管理员, userName=admin, passWord=90de4365c537fa959193d13ad8d07665, salt=XZUY77Pq41M6jaGeR2q1yMaPOrmemy6A, state=1, updateTime=Thu Oct 25 22:48:49 CST 2018, createTime=Tue Jul 10 11:16:24 CST 2018}
[INFO] 2018-12-04 23:14:18,607 method:com.cn.hsx.tyqxcms.config.ServiceLogAspect.doAfterReturning(ServiceLogAspect.java:35)
SPEND TIME : 529
